  Main.cpp
c:\users\ioan\documents\visual studio 2015\projects\poo_lab6\poo_lab6\main.cpp(3): warning C4067: unexpected tokens following preprocessor directive - expected a newline
  AgendaElectronica.cpp
c:\users\ioan\documents\visual studio 2015\projects\poo_lab6\poo_lab6\agendaelectronica.cpp(3): warning C4067: unexpected tokens following preprocessor directive - expected a newline
  Activitate.cpp
c:\users\ioan\documents\visual studio 2015\projects\poo_lab6\poo_lab6\activitate.cpp(3): warning C4067: unexpected tokens following preprocessor directive - expected a newline
c:\users\ioan\documents\visual studio 2015\projects\poo_lab6\poo_lab6\activitate.cpp(15): warning C4996: 'strcpy': This function or variable may be unsafe. Consider using strcpy_s instead. To disable deprecation, use _CRT_SECURE_NO_WARNINGS. See online help for details.
  c:\program files (x86)\windows kits\10\include\10.0.10240.0\ucrt\string.h(119): note: see declaration of 'strcpy'
c:\users\ioan\documents\visual studio 2015\projects\poo_lab6\poo_lab6\activitate.cpp(16): warning C4996: 'strcpy': This function or variable may be unsafe. Consider using strcpy_s instead. To disable deprecation, use _CRT_SECURE_NO_WARNINGS. See online help for details.
  c:\program files (x86)\windows kits\10\include\10.0.10240.0\ucrt\string.h(119): note: see declaration of 'strcpy'
c:\users\ioan\documents\visual studio 2015\projects\poo_lab6\poo_lab6\activitate.cpp(17): warning C4996: 'strcpy': This function or variable may be unsafe. Consider using strcpy_s instead. To disable deprecation, use _CRT_SECURE_NO_WARNINGS. See online help for details.
  c:\program files (x86)\windows kits\10\include\10.0.10240.0\ucrt\string.h(119): note: see declaration of 'strcpy'
c:\users\ioan\documents\visual studio 2015\projects\poo_lab6\poo_lab6\activitate.cpp(26): warning C4996: 'strcpy': This function or variable may be unsafe. Consider using strcpy_s instead. To disable deprecation, use _CRT_SECURE_NO_WARNINGS. See online help for details.
  c:\program files (x86)\windows kits\10\include\10.0.10240.0\ucrt\string.h(119): note: see declaration of 'strcpy'
c:\users\ioan\documents\visual studio 2015\projects\poo_lab6\poo_lab6\activitate.cpp(27): warning C4996: 'strcpy': This function or variable may be unsafe. Consider using strcpy_s instead. To disable deprecation, use _CRT_SECURE_NO_WARNINGS. See online help for details.
  c:\program files (x86)\windows kits\10\include\10.0.10240.0\ucrt\string.h(119): note: see declaration of 'strcpy'
c:\users\ioan\documents\visual studio 2015\projects\poo_lab6\poo_lab6\activitate.cpp(28): warning C4996: 'strcpy': This function or variable may be unsafe. Consider using strcpy_s instead. To disable deprecation, use _CRT_SECURE_NO_WARNINGS. See online help for details.
  c:\program files (x86)\windows kits\10\include\10.0.10240.0\ucrt\string.h(119): note: see declaration of 'strcpy'
  Generating Code...
  POO_lab6.vcxproj -> C:\Users\Ioan\documents\visual studio 2015\Projects\POO_lab6\Debug\POO_lab6.exe
  POO_lab6.vcxproj -> C:\Users\Ioan\documents\visual studio 2015\Projects\POO_lab6\Debug\POO_lab6.pdb (Full PDB)
